<?xml version="1.0" encoding="UTF-8"?>
<testng-results skipped="0" failed="0" total="1" passed="1">
  <reporter-output>
  </reporter-output>
  <suite name="Suite" duration-ms="42922" started-at="2015-09-08T02:53:48Z" finished-at="2015-09-08T02:54:31Z">
    <groups>
    </groups>
    <test name="Test" duration-ms="42922" started-at="2015-09-08T02:53:48Z" finished-at="2015-09-08T02:54:31Z">
      <class name="UnitTests.SearchWord">
        <test-method status="PASS" signature="beforeTest()[pri:0, instance:UnitTests.SearchWord@2752f6e2]" name="beforeTest" is-config="true" duration-ms="16159" started-at="2015-09-08T12:53:48Z" finished-at="2015-09-08T12:54:04Z">
          <reporter-output>
          </reporter-output>
        </test-method> <!-- beforeTest -->
        <test-method status="PASS" signature="Facebook()[pri:0, instance:UnitTests.SearchWord@2752f6e2]" name="Facebook" duration-ms="26405" started-at="2015-09-08T12:54:04Z" finished-at="2015-09-08T12:54:31Z">
          <reporter-output>
          </reporter-output>
        </test-method> <!-- Facebook -->
        <test-method status="PASS" signature="afterTest()[pri:0, instance:UnitTests.SearchWord@2752f6e2]" name="afterTest" is-config="true" duration-ms="346" started-at="2015-09-08T12:54:31Z" finished-at="2015-09-08T12:54:31Z">
          <reporter-output>
          </reporter-output>
        </test-method> <!-- afterTest -->
      </class> <!-- UnitTests.SearchWord -->
    </test> <!-- Test -->
  </suite> <!-- Suite -->
</testng-results>
